[    0.000000] Linux version 4.15.0-212-generic (buildd@lcy02-amd64-083) (gcc version 7.5.0 (Ubuntu 7.5.0-3ubuntu1~18.04)) #223-Ubuntu SMP Tue May 23 13:09:22 UTC 2023 (Ubuntu 4.15.0-212.223-generic 4.15.18)
[    0.000000] Command line: BOOT_IMAGE=/boot/vmlinuz-4.15.0-212-generic root=LABEL=cloudimg-rootfs ro console=tty1 console=ttyS0
[    0.000000] KERNEL supported cpus:
[    0.000000]   Intel GenuineIntel
[    0.000000]   AMD AuthenticAMD
[    0.000000]   Centaur CentaurHauls
[    0.000000] x86/fpu: Supporting XSAVE feature 0x001: 'x87 floating point registers'
[    0.000000] x86/fpu: Supporting XSAVE feature 0x002: 'SSE registers'
[    0.000000] x86/fpu: Supporting XSAVE feature 0x004: 'AVX registers'
[    0.000000] x86/fpu: xstate_offset[2]:  576, xstate_sizes[2]:  256
[    0.000000] x86/fpu: Enabled xstate features 0x7, context size is 832 bytes, using 'standard' format.
[    0.000000] e820: BIOS-provided physical RAM map:
[    0.000000] BIOS-e820: [mem 0x0000000000000000-0x000000000009fbff] usable
[    0.000000] BIOS-e820: [mem 0x000000000009fc00-0x000000000009ffff] reserved
[    0.000000] BIOS-e820: [mem 0x00000000000f0000-0x00000000000fffff] reserved
[    0.000000] BIOS-e820: [mem 0x0000000000100000-0x00000000dffeffff] usable
[    0.000000] BIOS-e820: [mem 0x00000000dfff0000-0x00000000dfffffff] ACPI data
[    0.000000] BIOS-e820: [mem 0x00000000fec00000-0x00000000fec00fff] reserved
[    0.000000] BIOS-e820: [mem 0x00000000fee00000-0x00000000fee00fff] reserved
[    0.000000] BIOS-e820: [mem 0x00000000fffc0000-0x00000000ffffffff] reserved
[    0.000000] BIOS-e820: [mem 0x0000000100000000-0x00000002203fffff] usable
[    0.000000] NX (Execute Disable) protection: active
[    0.000000] SMBIOS 2.5 present.
[    0.000000] DMI: innotek GmbH VirtualBox/VirtualBox, BIOS VirtualBox 12/01/2006
[    0.000000] Hypervisor detected: KVM
[    0.000000] e820: last_pfn = 0x220400 max_arch_pfn = 0x400000000
[    0.000000] MTRR: Disabled
[    0.000000] x86/PAT: MTRRs disabled, skipping PAT initialization too.
[    0.000000] CPU MTRRs all blank - virtualized system.
[    0.000000] x86/PAT: Configuration [0-7]: WB  WT  UC- UC  WB  WT  UC- UC  
[    0.000000] e820: last_pfn = 0xdfff0 max_arch_pfn = 0x400000000
[    0.000000] found SMP MP-table at [mem 0x0009fff0-0x0009ffff]
[    0.000000] Scanning 1 areas for low memory corruption
[    0.000000] RAMDISK: [mem 0x359cb000-0x36cdcfff]
[    0.000000] ACPI: Early table checksum verification disabled
[    0.000000] ACPI: RSDP 0x00000000000E0000 000024 (v02 VBOX  )
[    0.000000] ACPI: XSDT 0x00000000DFFF0030 00003C (v01 VBOX   VBOXXSDT 00000001 ASL  00000061)
[    0.000000] ACPI: FACP 0x00000000DFFF00F0 0000F4 (v04 VBOX   VBOXFACP 00000001 ASL  00000061)
[    0.000000] ACPI: DSDT 0x00000000DFFF0490 002325 (v02 VBOX   VBOXBIOS 00000002 INTL 20200925)
[    0.000000] ACPI: FACS 0x00000000DFFF0200 000040
[    0.000000] ACPI: FACS 0x00000000DFFF0200 000040
[    0.000000] ACPI: APIC 0x00000000DFFF0240 00007C (v02 VBOX   VBOXAPIC 00000001 ASL  00000061)
[    0.000000] ACPI: SSDT 0x00000000DFFF02C0 0001CC (v01 VBOX   VBOXCPUT 00000002 INTL 20200925)
[    0.000000] ACPI: Reserving FACP table memory at [mem 0xdfff00f0-0xdfff01e3]
[    0.000000] ACPI: Reserving DSDT table memory at [mem 0xdfff0490-0xdfff27b4]
[    0.000000] ACPI: Reserving FACS table memory at [mem 0xdfff0200-0xdfff023f]
[    0.000000] ACPI: Reserving FACS table memory at [mem 0xdfff0200-0xdfff023f]
[    0.000000] ACPI: Reserving APIC table memory at [mem 0xdfff0240-0xdfff02bb]
[    0.000000] ACPI: Reserving SSDT table memory at [mem 0xdfff02c0-0xdfff048b]
[    0.000000] No NUMA configuration found
[    0.000000] Faking a node at [mem 0x0000000000000000-0x00000002203fffff]
[    0.000000] NODE_DATA(0) allocated [mem 0x2203d1000-0x2203fbfff]
[    0.000000] kvm-clock: cpu 0, msr 2:20350001, primary cpu clock
[    0.000000] kvm-clock: Using msrs 4b564d01 and 4b564d00
[    0.000000] kvm-clock: using sched offset of 3085640324 cycles
[    0.000000] clocksource: kvm-clock: mask: 0xffffffffffffffff max_cycles: 0x1cd42e4dffb, max_idle_ns: 881590591483 ns
[    0.000000] Section 67 and 68 (node 0) have a circular dependency on usemap and pgdat allocations
[    0.000000] Zone ranges:
[    0.000000]   DMA      [mem 0x0000000000001000-0x0000000000ffffff]
[    0.000000]   DMA32    [mem 0x0000000001000000-0x00000000ffffffff]
[    0.000000]   Normal   [mem 0x0000000100000000-0x00000002203fffff]
[    0.000000]   Device   empty
[    0.000000] Movable zone start for each node
[    0.000000] Early memory node ranges
[    0.000000]   node   0: [mem 0x0000000000001000-0x000000000009efff]
[    0.000000]   node   0: [mem 0x0000000000100000-0x00000000dffeffff]
[    0.000000]   node   0: [mem 0x0000000100000000-0x00000002203fffff]
[    0.000000] Reserved but unavailable: 104 pages
[    0.000000] Initmem setup node 0 [mem 0x0000000000001000-0x00000002203fffff]
[    0.000000] ACPI: PM-Timer IO Port: 0x4008
[    0.000000] IOAPIC[0]: apic_id 6, version 32, address 0xfec00000, GSI 0-23
[    0.000000] ACPI: INT_SRC_OVR (bus 0 bus_irq 0 global_irq 2 dfl dfl)
[    0.000000] ACPI: INT_SRC_OVR (bus 0 bus_irq 9 global_irq 9 low level)
[    0.000000] Using ACPI (MADT) for SMP configuration information
[    0.000000] smpboot: Allowing 6 CPUs, 0 hotplug CPUs
[    0.000000] PM: Registered nosave memory: [mem 0x00000000-0x00000fff]
[    0.000000] PM: Registered nosave memory: [mem 0x0009f000-0x0009ffff]
[    0.000000] PM: Registered nosave memory: [mem 0x000a0000-0x000effff]
[    0.000000] PM: Registered nosave memory: [mem 0x000f0000-0x000fffff]
[    0.000000] PM: Registered nosave memory: [mem 0xdfff0000-0xdfffffff]
[    0.000000] PM: Registered nosave memory: [mem 0xe0000000-0xfebfffff]
[    0.000000] PM: Registered nosave memory: [mem 0xfec00000-0xfec00fff]
[    0.000000] PM: Registered nosave memory: [mem 0xfec01000-0xfedfffff]
[    0.000000] PM: Registered nosave memory: [mem 0xfee00000-0xfee00fff]
[    0.000000] PM: Registered nosave memory: [mem 0xfee01000-0xfffbffff]
[    0.000000] PM: Registered nosave memory: [mem 0xfffc0000-0xffffffff]
[    0.000000] e820: [mem 0xe0000000-0xfebfffff] available for PCI devices
[    0.000000] Booting paravirtualized kernel on KVM
[    0.000000] clocksource: refined-jiffies: mask: 0xffffffff max_cycles: 0xffffffff, max_idle_ns: 7645519600211568 ns
[    0.000000] setup_percpu: NR_CPUS:8192 nr_cpumask_bits:6 nr_cpu_ids:6 nr_node_ids:1
[    0.000000] percpu: Embedded 50 pages/cpu s167936 r8192 d28672 u262144
[    0.000000] PV qspinlock hash table entries: 256 (order: 0, 4096 bytes)
[    0.000000] Built 1 zonelists, mobility grouping on.  Total pages: 2065257
[    0.000000] Policy zone: Normal
[    0.000000] Kernel command line: BOOT_IMAGE=/boot/vmlinuz-4.15.0-212-generic root=LABEL=cloudimg-rootfs ro console=tty1 console=ttyS0
[    0.000000] Memory: 8143268K/8392248K available (12300K kernel code, 2477K rwdata, 4324K rodata, 2480K init, 2720K bss, 248980K reserved, 0K cma-reserved)
[    0.000000] SLUB: HWalign=64, Order=0-3, MinObjects=0, CPUs=6, Nodes=1
[    0.000000] Kernel/User page tables isolation: enabled
[    0.000000] ftrace: allocating 39508 entries in 155 pages
[    0.004000] Hierarchical RCU implementation.
[    0.004000] 	RCU restricting CPUs from NR_CPUS=8192 to nr_cpu_ids=6.
[    0.004000] 	Tasks RCU enabled.
[    0.004000] RCU: Adjusting geometry for rcu_fanout_leaf=16, nr_cpu_ids=6
[    0.004000] NR_IRQS: 524544, nr_irqs: 472, preallocated irqs: 16
[    0.004000] random: crng init done
[    0.004000] Console: colour VGA+ 80x25
[    0.004000] console [tty1] enabled
[    0.004000] console [ttyS0] enabled
[    0.004000] ACPI: Core revision 20170831
[    0.004000] ACPI: 2 ACPI AML tables successfully acquired and loaded
[    0.004000] APIC: Switch to symmetric I/O mode setup
[    0.004000] x2apic enabled
[    0.004000] Switched APIC routing to physical x2apic.
[    0.004000] ..TIMER: vector=0x30 apic1=0 pin1=2 apic2=-1 pin2=-1
[    0.004000] tsc: Detected 2995.234 MHz processor
[    0.004013] Calibrating delay loop (skipped) preset value.. 5990.46 BogoMIPS (lpj=11980936)
[    0.004940] pid_max: default: 32768 minimum: 301
[    0.005522] Security Framework initialized
[    0.006306] Yama: becoming mindful.
[    0.008000] AppArmor: AppArmor initialized
[    0.013221] Dentry cache hash table entries: 1048576 (order: 11, 8388608 bytes)
[    0.015339] Inode-cache hash table entries: 524288 (order: 10, 4194304 bytes)
[    0.016014] Mount-cache hash table entries: 16384 (order: 5, 131072 bytes)
[    0.016790] Mountpoint-cache hash table entries: 16384 (order: 5, 131072 bytes)
[    0.017847] Last level iTLB entries: 4KB 0, 2MB 0, 4MB 0
[    0.018494] Last level dTLB entries: 4KB 0, 2MB 0, 4MB 0, 1GB 0
[    0.019294] Spectre V1 : Mitigation: usercopy/swapgs barriers and __user pointer sanitization
[    0.020003] Spectre V2 : Mitigation: Retpolines
[    0.020607] Spectre V2 : Spectre v2 / SpectreRSB mitigation: Filling RSB on context switch
[    0.021690] Spectre V2 : Spectre v2 / SpectreRSB : Filling RSB on VMEXIT
[    0.022514] Speculative Store Bypass: Vulnerable
[    0.023083] MDS: Mitigation: Clear CPU buffers
[    0.024001] MMIO Stale Data: Unknown: No mitigations
[    0.024837] Freeing SMP alternatives memory: 36K
[    0.136000] smpboot: CPU0: 13th Gen Intel(R) Core(TM) i9-13900H (family: 0x6, model: 0xba, stepping: 0x2)
[    0.136102] Performance Events: unsupported p6 CPU model 186 no PMU driver, software events only.
[    0.137415] Hierarchical SRCU implementation.
[    0.138953] NMI watchdog: Perf event create on CPU 0 failed with -2
[    0.139850] NMI watchdog: Perf NMI watchdog permanently disabled
[    0.140061] smp: Bringing up secondary CPUs ...
[    0.140748] x86: Booting SMP configuration:
[    0.141308] .... node  #0, CPUs:      #1
[    0.004000] kvm-clock: cpu 1, msr 2:20350041, secondary cpu clock
[    0.144071]  #2
[    0.004000] kvm-clock: cpu 2, msr 2:20350081, secondary cpu clock
[    0.148069]  #3
[    0.004000] kvm-clock: cpu 3, msr 2:203500c1, secondary cpu clock
[    0.152058]  #4
[    0.004000] kvm-clock: cpu 4, msr 2:20350101, secondary cpu clock
[    0.155159]  #5
[    0.004000] kvm-clock: cpu 5, msr 2:20350141, secondary cpu clock
[    0.158297] smp: Brought up 1 node, 6 CPUs
[    0.158297] smpboot: Max logical packages: 1
[    0.158297] smpboot: Total of 6 processors activated (35942.80 BogoMIPS)
[    0.160209] devtmpfs: initialized
[    0.160502] x86/mm: Memory block size: 128MB
[    0.161364] evm: security.selinux
[    0.161771] evm: security.SMACK64
[    0.162179] evm: security.SMACK64EXEC
[    0.162614] evm: security.SMACK64TRANSMUTE
[    0.163113] evm: security.SMACK64MMAP
[    0.164005] evm: security.apparmor
[    0.164415] evm: security.ima
[    0.164778] evm: security.capability
[    0.165227] clocksource: jiffies: mask: 0xffffffff max_cycles: 0xffffffff, max_idle_ns: 7645041785100000 ns
[    0.165627] futex hash table entries: 2048 (order: 5, 131072 bytes)
[    0.168015] pinctrl core: initialized pinctrl subsystem
[    0.168676] RTC time: 10:42:21, date: 04/16/24
[    0.169442] NET: Registered protocol family 16
[    0.169986] audit: initializing netlink subsys (disabled)
[    0.170610] audit: type=2000 audit(1713264146.176:1): state=initialized audit_enabled=0 res=1
[    0.170610] cpuidle: using governor ladder
[    0.172010] cpuidle: using governor menu
[    0.172505] ACPI: bus type PCI registered
[    0.172979] acpiphp: ACPI Hot Plug PCI Controller Driver version: 0.5
[    0.173743] PCI: Using configuration type 1 for base access
[    0.176017] HugeTLB registered 2.00 MiB page size, pre-allocated 0 pages
[    0.176797] ACPI: Added _OSI(Module Device)
[    0.176797] ACPI: Added _OSI(Processor Device)
[    0.177056] ACPI: Added _OSI(3.0 _SCP Extensions)
[    0.177584] ACPI: Added _OSI(Processor Aggregator Device)
[    0.178188] ACPI: Added _OSI(Linux-Dell-Video)
[    0.180005] ACPI: Added _OSI(Linux-Lenovo-NV-HDMI-Audio)
[    0.180602] ACPI: Added _OSI(Linux-HPI-Hybrid-Graphics)
[    0.181371] ACPI: Executed 1 blocks of module-level executable AML code
[    0.184409] ACPI: Interpreter enabled
[    0.184860] ACPI: (supports S0 S5)
[    0.185273] ACPI: Using IOAPIC for interrupt routing
[    0.186328] PCI: Using host bridge windows from ACPI; if necessary, use "pci=nocrs" and report a bug
[    0.187421] ACPI: Enabled 2 GPEs in block 00 to 07
[    0.191216] ACPI: PCI Root Bridge [PCI0] (domain 0000 [bus 00-ff])
[    0.192004] acpi PNP0A03:00: _OSC: OS supports [ASPM ClockPM Segments MSI]
[    0.193034] acpi PNP0A03:00: _OSC: not requesting OS control; OS requires [ExtendedConfig ASPM ClockPM MSI]
[    0.194115] acpi PNP0A03:00: fail to add MMCONFIG information, can't access extended PCI configuration space under this bridge.
[    0.195576] PCI host bridge to bus 0000:00
[    0.196002] pci_bus 0000:00: root bus resource [io  0x0000-0x0cf7 window]
[    0.196745] pci_bus 0000:00: root bus resource [io  0x0d00-0xffff window]
[    0.197485] pci_bus 0000:00: root bus resource [mem 0x000a0000-0x000bffff window]
[    0.198324] pci_bus 0000:00: root bus resource [mem 0xe0000000-0xfdffffff window]
[    0.199179] pci_bus 0000:00: root bus resource [bus 00-ff]
[    0.201157] pci 0000:00:01.1: legacy IDE quirk: reg 0x10: [io  0x01f0-0x01f7]
[    0.201986] pci 0000:00:01.1: legacy IDE quirk: reg 0x14: [io  0x03f6]
[    0.202709] pci 0000:00:01.1: legacy IDE quirk: reg 0x18: [io  0x0170-0x0177]
[    0.203492] pci 0000:00:01.1: legacy IDE quirk: reg 0x1c: [io  0x0376]
[    0.270819] pci 0000:00:07.0: quirk: [io  0x4000-0x403f] claimed by PIIX4 ACPI
[    0.272021] pci 0000:00:07.0: quirk: [io  0x4100-0x410f] claimed by PIIX4 SMB
[    0.308990] ACPI: PCI Interrupt Link [LNKA] (IRQs 5 9 10 *11)
[    0.309978] ACPI: PCI Interrupt Link [LNKB] (IRQs 5 9 *10 11)
[    0.310682] ACPI: PCI Interrupt Link [LNKC] (IRQs 5 *9 10 11)
[    0.311381] ACPI: PCI Interrupt Link [LNKD] (IRQs 5 9 10 *11)
[    0.312274] SCSI subsystem initialized
[    0.312768] pci 0000:00:02.0: vgaarb: setting as boot VGA device
[    0.312768] pci 0000:00:02.0: vgaarb: VGA device added: decodes=io+mem,owns=io+mem,locks=none
[    0.313695] pci 0000:00:02.0: vgaarb: bridge control possible
[    0.314343] vgaarb: loaded
[    0.314703] ACPI: bus type USB registered
[    0.316015] usbcore: registered new interface driver usbfs
[    0.316724] usbcore: registered new interface driver hub
[    0.317400] usbcore: registered new device driver usb
[    0.318054] EDAC MC: Ver: 3.0.0
[    0.318054] PCI: Using ACPI for IRQ routing
[    0.318054] NetLabel: Initializing
[    0.320002] NetLabel:  domain hash size = 128
[    0.320509] NetLabel:  protocols = UNLABELED CIPSOv4 CALIPSO
[    0.321304] NetLabel:  unlabeled traffic allowed by default
[    0.322086] clocksource: Switched to clocksource kvm-clock
[    0.329113] VFS: Disk quotas dquot_6.6.0
[    0.329617] VFS: Dquot-cache hash table entries: 512 (order 0, 4096 bytes)
[    0.330453] AppArmor: AppArmor Filesystem Enabled
[    0.331029] pnp: PnP ACPI init
[    0.331968] pnp: PnP ACPI: found 3 devices
[    0.340185] clocksource: acpi_pm: mask: 0xffffff max_cycles: 0xffffff, max_idle_ns: 2085701024 ns
[    0.341353] NET: Registered protocol family 2
[    0.341992] IP idents hash table entries: 131072 (order: 8, 1048576 bytes)
[    0.344099] TCP established hash table entries: 65536 (order: 7, 524288 bytes)
[    0.345063] TCP bind hash table entries: 65536 (order: 8, 1048576 bytes)
[    0.345901] TCP: Hash tables configured (established 65536 bind 65536)
[    0.346758] UDP hash table entries: 4096 (order: 5, 131072 bytes)
[    0.347447] UDP-Lite hash table entries: 4096 (order: 5, 131072 bytes)
[    0.348226] NET: Registered protocol family 1
[    0.348763] pci 0000:00:00.0: Limiting direct PCI/PCI transfers
[    0.349442] pci 0000:00:01.0: Activating ISA DMA hang workarounds
[    0.350153] pci 0000:00:02.0: Video device with shadowed ROM at [mem 0x000c0000-0x000dffff]
[    0.351151] Unpacking initramfs...
[    0.575763] Freeing initrd memory: 19528K
[    0.576437] PCI-DMA: Using software bounce buffering for IO (SWIOTLB)
[    0.577136] software IO TLB: mapped [mem 0xdbff0000-0xdfff0000] (64MB)
[    0.577879] clocksource: tsc: mask: 0xffffffffffffffff max_cycles: 0x2b2caf18136, max_idle_ns: 440795272226 ns
[    0.578992] platform rtc_cmos: registered platform RTC device (no PNP device found)
[    0.579874] Scanning for low memory corruption every 60 seconds
[    0.581126] Initialise system trusted keyrings
[    0.581666] Key type blacklist registered
[    0.582417] workingset: timestamp_bits=36 max_order=21 bucket_order=0
[    0.583695] zbud: loaded
[    0.584616] squashfs: version 4.0 (2009/01/31) Phillip Lougher
[    0.585687] fuse init (API version 7.26)
[    0.589596] Key type asymmetric registered
[    0.590128] Asymmetric key parser 'x509' registered
[    0.590722] Block layer SCSI generic (bsg) driver version 0.4 loaded (major 246)
[    0.591603] io scheduler noop registered
[    0.592109] io scheduler deadline registered
[    0.592644] io scheduler cfq registered (default)
[    0.593829] ACPI: AC Adapter [AC] (on-line)
[    0.594477] input: Power Button as /devices/LNXSYSTM:00/LNXPWRBN:00/input/input0
[    0.595561] ACPI: Power Button [PWRF]
[    0.596096] input: Sleep Button as /devices/LNXSYSTM:00/LNXSLPBN:00/input/input1
[    0.596925] ACPI: Sleep Button [SLPF]
[    0.598195] ACPI: Battery Slot [BAT0] (battery present)
[    0.599199] Serial: 8250/16550 driver, 32 ports, IRQ sharing enabled
[    0.620825] 00:02: ttyS0 at I/O 0x3f8 (irq = 4, base_baud = 115200) is a 16550A
[    0.624107] Linux agpgart interface v0.103
[    0.627216] loop: module loaded
[    0.628235] scsi host0: ata_piix
[    0.628863] scsi host1: ata_piix
[    0.629344] ata1: PATA max UDMA/33 cmd 0x1f0 ctl 0x3f6 bmdma 0xd000 irq 14
[    0.630179] ata2: PATA max UDMA/33 cmd 0x170 ctl 0x376 bmdma 0xd008 irq 15
[    0.631063] tun: Universal TUN/TAP device driver, 1.6
[    0.631834] PPP generic driver version 2.4.2
[    0.632511] ehci_hcd: USB 2.0 'Enhanced' Host Controller (EHCI) Driver
[    0.633325] ehci-pci: EHCI PCI platform driver
[    0.633899] ehci-platform: EHCI generic platform driver
[    0.634536] ohci_hcd: USB 1.1 'Open' Host Controller (OHCI) Driver
[    0.635267] ohci-pci: OHCI PCI platform driver
[    0.635803] ohci-platform: OHCI generic platform driver
[    0.636440] uhci_hcd: USB Universal Host Controller Interface driver
[    0.637191] i8042: PNP: PS/2 Controller [PNP0303:PS2K,PNP0f03:PS2M] at 0x60,0x64 irq 1,12
[    0.638620] serio: i8042 KBD port at 0x60,0x64 irq 1
[    0.639256] serio: i8042 AUX port at 0x60,0x64 irq 12
[    0.639944] mousedev: PS/2 mouse device common for all mice
[    0.641021] rtc_cmos rtc_cmos: rtc core: registered rtc_cmos as rtc0
[    0.641922] input: AT Translated Set 2 keyboard as /devices/platform/i8042/serio0/input/input2
[    0.642978] rtc_cmos rtc_cmos: alarms up to one day, 114 bytes nvram
[    0.643812] i2c /dev entries driver
[    0.644321] device-mapper: uevent: version 1.0.3
[    0.644922] device-mapper: ioctl: 4.37.0-ioctl (2017-09-20) initialised: dm-devel@redhat.com
[    0.646202] ledtrig-cpu: registered to indicate activity on CPUs
[    0.647402] NET: Registered protocol family 10
[    0.650942] Segment Routing with IPv6
[    0.651466] NET: Registered protocol family 17
[    0.652088] Key type dns_resolver registered
[    0.652994] mce: Using 0 MCE banks
[    0.653449] RAS: Correctable Errors collector initialized.
[    0.654087] sched_clock: Marking stable (652979841, 0)->(852021825, -199041984)
[    0.655439] registered taskstats version 1
[    0.655971] Loading compiled-in X.509 certificates
[    0.658103] Loaded X.509 cert 'Build time autogenerated kernel key: b5b26778eaa3ab3a4a6cee031137706e947d12ad'
[    0.660907] Loaded X.509 cert 'Canonical Ltd. Live Patch Signing: 14df34d1a87cf37625abec039ef2bf521249b969'
[    0.662803] Loaded X.509 cert 'Canonical Ltd. Kernel Module Signing: 88f752e560a1e0737e31163a466ad7b70a850c19'
[    0.663917] blacklist: Loading compiled-in revocation X.509 certificates
[    0.664729] Loaded X.509 cert 'Canonical Ltd. Secure Boot Signing: 61482aa2830d0ab2ad5af10b7250da9033ddcef0'
[    0.665806] Loaded X.509 cert 'Canonical Ltd. Secure Boot Signing (2017): 242ade75ac4a15e50d50c84b0d45ff3eae707a03'
[    0.666974] Loaded X.509 cert 'Canonical Ltd. Secure Boot Signing (ESM 2018): 365188c1d374d6b07c3c8f240f8ef722433d6a8b'
[    0.668204] Loaded X.509 cert 'Canonical Ltd. Secure Boot Signing (2019): c0746fd6c5da3ae827864651ad66ae47fe24b3e8'
[    0.669362] Loaded X.509 cert 'Canonical Ltd. Secure Boot Signing (2021 v1): a8d54bbb3825cfb94fa13c9f8a594a195c107b8d'
[    0.670552] Loaded X.509 cert 'Canonical Ltd. Secure Boot Signing (2021 v2): 4cf046892d6fd3c9a5b03f98d845f90851dc6a8c'
[    0.671735] Loaded X.509 cert 'Canonical Ltd. Secure Boot Signing (2021 v3): 100437bb6de6e469b581e61cd66bce3ef4ed53af'
[    0.672947] Loaded X.509 cert 'Canonical Ltd. Secure Boot Signing (Ubuntu Core 2019): c1d57b8f6b743f23ee41f4f7ee292f06eecadfb9'
[    0.674230] zswap: loaded using pool lzo/zbud
[    0.678104] Key type big_key registered
[    0.678634] Key type trusted registered
[    0.680070] Key type encrypted registered
[    0.680570] AppArmor: AppArmor sha1 policy hashing enabled
[    0.681242] ima: No TPM chip found, activating TPM-bypass! (rc=-19)
[    0.681933] ima: Allocated hash algorithm: sha1
[    0.682461] evm: HMAC attrs: 0x1
[    0.683005]   Magic number: 4:932:729
[    0.683629] rtc_cmos rtc_cmos: setting system clock to 2024-04-16 10:42:21 UTC (1713264141)
[    0.684684] BIOS EDD facility v0.16 2004-Jun-25, 0 devices found
[    0.685377] EDD information not available.
[    0.859057] Freeing unused kernel image memory: 2480K
[    1.705854] Write protecting the kernel read-only data: 20480k
[    1.710867] Freeing unused kernel image memory: 2008K
[    1.713575] Freeing unused kernel image memory: 1820K
[    1.719560] x86/mm: Checked W+X mappings: passed, no W+X pages found.
[    1.720351] x86/mm: Checking user space page tables
[    1.727552] x86/mm: Checked W+X mappings: passed, no W+X pages found.
Loading, please wait...
starting version 237
[    1.796048] e1000: Intel(R) PRO/1000 Network Driver - version 7.3.21-k8-NAPI
[    1.796058] Fusion MPT base driver 3.04.20
[    1.797856] e1000: Copyright (c) 1999-2006 Intel Corporation.
[    1.798521] Copyright (c) 1999-2008 LSI Corporation
[    1.802972] Fusion MPT SPI Host driver 3.04.20
[    1.807252] AVX2 version of gcm_enc/dec engaged.
[    1.807841] AES CTR mode by8 optimization enabled
[    2.008084] input: ImExPS/2 Generic Explorer Mouse as /devices/platform/i8042/serio1/input/input4
[    2.870650] e1000 0000:00:03.0 eth0: (PCI:33MHz:32-bit) 02:3b:7b:b7:3b:2d
[    2.871636] e1000 0000:00:03.0 eth0: Intel(R) PRO/1000 Network Connection
[    3.606551] e1000 0000:00:08.0 eth1: (PCI:33MHz:32-bit) 08:00:27:9c:55:0d
[    3.607523] e1000 0000:00:08.0 eth1: Intel(R) PRO/1000 Network Connection
[    3.609330] e1000 0000:00:08.0 enp0s8: renamed from eth1
[    3.609487] mptbase: ioc0: Initiating bringup
[    3.636393] e1000 0000:00:03.0 enp0s3: renamed from eth0
[    3.850065] ioc0: LSI53C1030 A0: Capabilities={Initiator}
[    5.876910] scsi host2: ioc0: LSI53C1030 A0, FwRev=00000000h, Ports=1, MaxQ=256, IRQ=20
[    7.579485] scsi 2:0:0:0: Direct-Access     VBOX     HARDDISK         1.0  PQ: 0 ANSI: 5
[    7.956335] scsi target2:0:0: Beginning Domain Validation
[    7.965566] scsi target2:0:0: Domain Validation skipping write tests
[    7.967193] scsi target2:0:0: Ending Domain Validation
[    7.968710] scsi target2:0:0: asynchronous
[    7.970587] scsi 2:0:1:0: Direct-Access     VBOX     HARDDISK         1.0  PQ: 0 ANSI: 5
[    8.124005] scsi target2:0:1: Beginning Domain Validation
[    8.133914] scsi target2:0:1: Domain Validation skipping write tests
[    8.135561] scsi target2:0:1: Ending Domain Validation
[    8.137016] scsi target2:0:1: asynchronous
[    8.142754] sd 2:0:0:0: Attached scsi generic sg0 type 0
[    8.143575] sd 2:0:0:0: [sda] 83886080 512-byte logical blocks: (42.9 GB/40.0 GiB)
[    8.146412] sd 2:0:0:0: [sda] Write Protect is off
[    8.147316] sd 2:0:1:0: [sdb] 20480 512-byte logical blocks: (10.5 MB/10.0 MiB)
[    8.150388] sd 2:0:1:0: Attached scsi generic sg1 type 0
[    8.152007] sd 2:0:1:0: [sdb] Write Protect is off
[    8.154743] sd 2:0:1:0: [sdb] Incomplete mode parameter data
[    8.156252] sd 2:0:1:0: [sdb] Assuming drive cache: write through
[    8.156378] sd 2:0:0:0: [sda] Incomplete mode parameter data
[    8.159415] sd 2:0:0:0: [sda] Assuming drive cache: write through
[    8.161472] sd 2:0:1:0: [sdb] Attached SCSI disk
[    8.166499]  sda: sda1
[    8.168416] sd 2:0:0:0: [sda] Attached SCSI disk
Begin: Loading essential drivers ... [   10.132048] raid6: sse2x1   gen() 18091 MB/s
[   10.180032] raid6: sse2x1   xor()  9871 MB/s
[   10.228043] raid6: sse2x2   gen() 23094 MB/s
[   10.276065] raid6: sse2x2   xor() 14112 MB/s
[   10.324114] raid6: sse2x4   gen() 23433 MB/s
[   10.372056] raid6: sse2x4   xor() 12028 MB/s
[   10.420028] raid6: avx2x1   gen() 27849 MB/s
[   10.468159] raid6: avx2x1   xor() 21694 MB/s
[   10.516024] raid6: avx2x2   gen() 30379 MB/s
[   10.564012] raid6: avx2x2   xor() 22910 MB/s
[   10.612017] raid6: avx2x4   gen() 30638 MB/s
[   10.660042] raid6: avx2x4   xor() 12616 MB/s
[   10.660590] raid6: using algorithm avx2x4 gen() 30638 MB/s
[   10.661227] raid6: .... xor() 12616 MB/s, rmw enabled
[   10.661818] raid6: using avx2x2 recovery algorithm
[   10.664114] xor: automatically using best checksumming function   avx       
[   10.667182] async_tx: api initialized (async)
done.
Begin: Running /scripts/init-premount ... done.
Begin: Mounting root file system ... Begin: Running /scripts/local-top ... done.
Begin: Running /scripts/local-premount ... [   10.705574] Btrfs loaded, crc32c=crc32c-intel
Scanning for Btrfs filesystems
done.
Warning: fsck not present, so skipping root file system
[   10.740995] EXT4-fs (sda1): mounted filesystem with ordered data mode. Opts: (null)
done.
Begin: Running /scripts/local-bottom ... done.
Begin: Running /scripts/init-bottom ... done.
[   10.884929] ip_tables: (C) 2000-2006 Netfilter Core Team
[   10.891323] systemd[1]: systemd 237 running in system mode. (+PAM +AUDIT +SELINUX +IMA +APPARMOR +SMACK +SYSVINIT +UTMP +LIBCRYPTSETUP +GCRYPT +GNUTLS +ACL +XZ +LZ4 +SECCOMP +BLKID +ELFUTILS +KMOD -IDN2 +IDN -PCRE2 default-hierarchy=hybrid)
[   10.894000] systemd[1]: Detected virtualization oracle.
[   10.894925] systemd[1]: Detected architecture x86-64.

Welcome to [1mUbuntu 18.04.6 LTS[0m!

[   10.908334] systemd[1]: Set hostname to <ubuntu>.
[   10.911231] systemd[1]: Initializing machine ID from random generator.
[   10.912644] systemd[1]: Installed transient /etc/machine-id file.
[   11.886330] systemd[1]: Reached target System Time Synchronized.
[[0;32m  OK  [0m] Reached target System Time Synchronized.
[   11.887542] systemd[1]: Reached target Swap.
[[0;32m  OK  [0m] Reached target Swap.
[   11.890930] systemd[1]: Created slice System Slice.
[[0;32m  OK  [0m] Created slice System Slice.
[   11.900226] systemd[1]: Listening on /dev/initctl Compatibility Named Pipe.
[[0;32m  OK  [0m] Listening on /dev/initctl Compatibility Named Pipe.
[[0;32m  OK  [0m] Listening on fsck to fsckd communication Socket.
[[0;32m  OK  [0m] Listening on Network Service Netlink Socket.
[[0;32m  OK  [0m] Reached target Mounting snaps.
[[0;32m  OK  [0m] Started Forward Password Requests to Wall Directory Watch.
[[0;32m  OK  [0m] Listening on Journal Audit Socket.
[[0;32m  OK  [0m] Listening on LVM2 metadata daemon socket.
[[0;32m  OK  [0m] Listening on Device-mapper event daemon FIFOs.
[[0;32m  OK  [0m] Reached target Mounted snaps.
[[0;32m  OK  [0m] Reached target User and Group Name Lookups.
[[0;32m  OK  [0m] Listening on Syslog Socket.
[[0;32m  OK  [0m] Set up automount Arbitrary Executab…rmats File System Automount Point.
[[0;32m  OK  [0m] Listening on Journal Socket.
         Starting Uncomplicated firewall...
         Starting Monitoring of LVM2 mirrors…ng dmeventd or progress polling...
         Starting File System Check on Root Device...
         Starting Set the console keyboard layout...
         Starting Load Kernel Modules...
         Mounting POSIX Message Queue File System...
[[0;32m  OK  [0m] Created slice system-serial\x2dgetty.slice.
[[0;32m  OK  [0m] Listening on LVM2 poll daemon socket.
         Mounting Huge Pages File System...
[[0;32m  OK  [0m] Listening on udev Control Socket.
         Mounting Kernel Debug File System...
         Starting Create list of required st…ce nodes for the current kernel...
[[0;32m  OK  [0m] Listening on udev Kernel Socket.
         Starting udev Coldplug all Devices...
[[0;32m  OK  [0m] Created slice User and Session Slice.
[[0;32m  OK  [0m] Reached target Slices.
[[0;32m  OK  [0m] Listening on Journal Socket (/dev/log).
         Starting Journal Service...
[[0;32m  OK  [0m] Started Uncomplicated firewall.
[[0;32m  OK  [0m] Started LVM2 metadata daemon.
[[0;32m  OK  [0m] Started File System Check Daemon to report status.
[   12.207625] Loading iSCSI transport class v2.0-870.
[   12.215879] iscsi: registered transport (tcp)
[[0;32m  OK  [0m] Mounted POSIX Message Queue File System.
[[0;32m  OK  [0m] Mounted Huge Pages File System.
[[0;32m  OK  [0m] Mounted Kernel Debug File System.
[[0;32m  OK  [0m] Started Create list of required sta…vice nodes for the current kernel.
         Starting Create Static Device Nodes in /dev...
[[0;32m  OK  [0m] Started Journal Service.
[[0;32m  OK  [0m] Started File System Check on Root Device.
         Starting Remount Root and Kernel File Systems...
[[0;32m  OK  [0m] Started udev Coldplug all Devices.
[   12.280606] iscsi: registered transport (iser)
[[0;32m  OK  [0m] Started Load Kernel Modules.
[[0;32m  OK  [0m] Started Create Static Device Nodes in /dev.
         Starting Apply Kernel Variables...
         Mounting FUSE Control File System...
         Mounting Kernel Configuration File System...
[[0;32m  OK  [0m] Started Monitoring of LVM2 mirrors,…sing dmeventd or progress polling.
[[0;32m  OK  [0m] Started Remount Root and Kernel File Systems.
[[0;32m  OK  [0m] Mounted FUSE Control File System.
[[0;32m  OK  [0m] Mounted Kernel Configuration File System.
         Starting udev Kernel Device Manager...
         Starting Flush Journal to Persistent Storage...
         Starting Load/Save Random Seed...
[[0;32m  OK  [0m] Started Apply Kernel Variables.
[[0;32m  OK  [0m] Started Load/Save Random Seed.
[[0;32m  OK  [0m] Started udev Kernel Device Manager.
[[0;32m  OK  [0m] Started Flush Journal to Persistent Storage.
[[0;32m  OK  [0m] Found device /dev/ttyS0.
[[0;32m  OK  [0m] Listening on Load/Save RF Kill Switch Status /dev/rfkill Watch.
         Mounting Arbitrary Executable File Formats File System...
[[0;32m  OK  [0m] Mounted Arbitrary Executable File Formats File System.
[[0;32m  OK  [0m] Started Set the console keyboard layout.
[[0;32m  OK  [0m] Started Dispatch Password Requests to Console Directory Watch.
[[0;32m  OK  [0m] Reached target Local Encrypted Volumes.
[[0;32m  OK  [0m] Reached target Local File Systems (Pre).
[[0;32m  OK  [0m] Reached target Local File Systems.
         Starting Tell Plymouth To Write Out Runtime Data...
         Starting Create Volatile Files and Directories...
         Starting ebtables ruleset management...
         Starting Commit a transient machine-id on disk...
         Starting Set console font and keymap...
         Starting AppArmor initialization...
[[0;32m  OK  [0m] Started Tell Plymouth To Write Out Runtime Data.
[[0;32m  OK  [0m] Started Create Volatile Files and Directories.
         Starting Update UTMP about System Boot/Shutdown...
[[0;32m  OK  [0m] Started Update UTMP about System Boot/Shutdown.
[[0;32m  OK  [0m] Started ebtables ruleset management.
[[0;32m  OK  [0m] Started Commit a transient machine-id on disk.
[[0;32m  OK  [0m] Started AppArmor initialization.
         Starting Load AppArmor profiles managed internally by snapd...
         Starting Initial cloud-init job (pre-networking)...
[[0;32m  OK  [0m] Started Load AppArmor profiles managed internally by snapd.
[   14.359504] cloud-init[774]: Cloud-init v. 23.1.2-0ubuntu0~18.04.1 running 'init-local' at Tue, 16 Apr 2024 10:42:34 +0000. Up 14.14 seconds.
[[0;32m  OK  [0m] Started Initial cloud-init job (pre-networking).
[[0;32m  OK  [0m] Reached target Network (Pre).
         Starting Network Service...
[[0;32m  OK  [0m] Started Network Service.
         Starting Network Name Resolution...
         Starting Wait for Network to be Configured...
[[0;32m  OK  [0m] Started Set console font and keymap.
[[0;32m  OK  [0m] Started Network Name Resolution.
[[0;32m  OK  [0m] Reached target Network.
[[0;32m  OK  [0m] Reached target Host and Network Name Lookups.
[[0;32m  OK  [0m] Started Wait for Network to be Configured.
         Starting Initial cloud-init job (metadata service crawler)...
[   16.452700] cloud-init[1079]: Cloud-init v. 23.1.2-0ubuntu0~18.04.1 running 'init' at Tue, 16 Apr 2024 10:42:37 +0000. Up 16.37 seconds.
[   16.454880] cloud-init[1079]: ci-info: ++++++++++++++++++++++++++++++++++++++Net device info+++++++++++++++++++++++++++++++++++++++
[   16.456942] cloud-init[1079]: ci-info: +--------+-------+----------------------------+---------------+--------+-------------------+
[   16.458895] cloud-init[1079]: ci-info: | Device |   Up  |          Address           |      Mask     | Scope  |     Hw-Address    |
[   16.460905] cloud-init[1079]: ci-info: +--------+-------+----------------------------+---------------+--------+-------------------+
[   16.462872] cloud-init[1079]: ci-info: | enp0s3 |  True |         10.0.2.15          | 255.255.255.0 | global | 02:3b:7b:b7:3b:2d |
[   16.464885] cloud-init[1079]: ci-info: | enp0s3 |  True | fe80::3b:7bff:feb7:3b2d/64 |       .       |  link  | 02:3b:7b:b7:3b:2d |
[   16.466796] cloud-init[1079]: ci-info: | enp0s8 | False |             .              |       .       |   .    | 08:00:27:9c:55:0d |
[   16.468724] cloud-init[1079]: ci-info: |   lo   |  True |         127.0.0.1          |   255.0.0.0   |  host  |         .         |
[   16.470670] cloud-init[1079]: ci-info: |   lo   |  True |          ::1/128           |       .       |  host  |         .         |
[   16.472602] cloud-init[1079]: ci-info: +--------+-------+----------------------------+---------------+--------+-------------------+
[   16.474512] cloud-init[1079]: ci-info: ++++++++++++++++++++++++++++Route IPv4 info+++++++++++++++++++++++++++++
[   16.475965] cloud-init[1079]: ci-info: +-------+-------------+----------+-----------------+-----------+-------+
[   16.476723] cloud-init[1079]: ci-info: | Route | Destination | Gateway  |     Genmask     | Interface | Flags |
[   16.477489] cloud-init[1079]: ci-info: +-------+-------------+----------+-----------------+-----------+-------+
[   16.478245] cloud-init[1079]: ci-info: |   0   |   0.0.0.0   | 10.0.2.2 |     0.0.0.0     |   enp0s3  |   UG  |
[   16.479081] cloud-init[1079]: ci-info: |   1   |   10.0.2.0  | 0.0.0.0  |  255.255.255.0  |   enp0s3  |   U   |
[   16.479820] cloud-init[1079]: ci-info: |   2   |   10.0.2.2  | 0.0.0.0  | 255.255.255.255 |   enp0s3  |   UH  |
[   16.480554] cloud-init[1079]: ci-info: +-------+-------------+----------+-----------------+-----------+-------+
[   16.481251] cloud-init[1079]: ci-info: +++++++++++++++++++Route IPv6 info+++++++++++++++++++
[   16.481858] cloud-init[1079]: ci-info: +-------+-------------+---------+-----------+-------+
[   16.482518] cloud-init[1079]: ci-info: | Route | Destination | Gateway | Interface | Flags |
[   16.483102] cloud-init[1079]: ci-info: +-------+-------------+---------+-----------+-------+
[   16.483737] cloud-init[1079]: ci-info: |   1   |  fe80::/64  |    ::   |   enp0s3  |   U   |
[   16.484356] cloud-init[1079]: ci-info: |   3   |    local    |    ::   |   enp0s3  |   U   |
[   16.484918] cloud-init[1079]: ci-info: |   4   |   ff00::/8  |    ::   |   enp0s3  |   U   |
[   16.485477] cloud-init[1079]: ci-info: +-------+-------------+---------+-----------+-------+
[   17.817596] cloud-init[1079]: Generating public/private rsa key pair.
[   17.818502] cloud-init[1079]: Your identification has been saved in /etc/ssh/ssh_host_rsa_key.
[   17.819275] cloud-init[1079]: Your public key has been saved in /etc/ssh/ssh_host_rsa_key.pub.
[   17.819998] cloud-init[1079]: The key fingerprint is:
[   17.820556] cloud-init[1079]: SHA256:UV9LVI3RHidfAUvZ/6+KgCjMSiD2v6uLAU0U+7qlG1g root@ubuntu-bionic
[   17.821300] cloud-init[1079]: The key's randomart image is:
[   17.821768] cloud-init[1079]: +---[RSA 2048]----+
[   17.822180] cloud-init[1079]: |  o.      .  +O*+|
[   17.822638] cloud-init[1079]: | . .     . ..+++=|
[   17.823048] cloud-init[1079]: |  o     .   ...+=|
[   17.823463] cloud-init[1079]: | o .     .      +|
[   17.823864] cloud-init[1079]: |+.E .   S       .|
[   17.824285] cloud-init[1079]: |==.. . .        .|
[   17.824700] cloud-init[1079]: |.o*.o . .       .|
[   17.825120] cloud-init[1079]: |..o*.    . .    .|
[   17.825531] cloud-init[1079]: |..++o+o   . .... |
[   17.825937] cloud-init[1079]: +----[SHA256]-----+
[   17.826346] cloud-init[1079]: Generating public/private dsa key pair.
[   17.826843] cloud-init[1079]: Your identification has been saved in /etc/ssh/ssh_host_dsa_key.
[   17.827490] cloud-init[1079]: Your public key has been saved in /etc/ssh/ssh_host_dsa_key.pub.
[   17.828135] cloud-init[1079]: The key fingerprint is:
[   17.828549] cloud-init[1079]: SHA256:CLJ4egGB6l2TeNxJAMVd8kSvGbkT3CRQ1bBWEJCDXRg root@ubuntu-bionic
[   17.829199] cloud-init[1079]: The key's randomart image is:
[   17.829641] cloud-init[1079]: +---[DSA 1024]----+
[   17.830041] cloud-init[1079]: |o  .+oooBEBB=.   |
[   17.830450] cloud-init[1079]: |..   . +==* o.   |
[   17.830848] cloud-init[1079]: |o . + + .*.=     |
[   17.831250] cloud-init[1079]: |.o + B +  B      |
[   17.831640] cloud-init[1079]: |o = o o S=       |
[   17.832024] cloud-init[1079]: | + o      .      |
[   17.832462] cloud-init[1079]: |. .              |
[   17.832859] cloud-init[1079]: | .               |
[   17.833252] cloud-init[1079]: |                 |
[   17.833647] cloud-init[1079]: +----[SHA256]-----+
[   17.834039] cloud-init[1079]: Generating public/private ecdsa key pair.
[   17.834540] cloud-init[1079]: Your identification has been saved in /etc/ssh/ssh_host_ecdsa_key.
[   17.835181] cloud-init[1079]: Your public key has been saved in /etc/ssh/ssh_host_ecdsa_key.pub.
[   17.835810] cloud-init[1079]: The key fingerprint is:
[   17.836233] cloud-init[1079]: SHA256:lJ5oxnU1gOONylc0sAUErFzR7mxp2YMLy2T0QOn/lfM root@ubuntu-bionic
[   17.836884] cloud-init[1079]: The key's randomart image is:
[   17.837322] cloud-init[1079]: +---[ECDSA 256]---+
[   17.837714] cloud-init[1079]: |     .o*++o.o    |
[   17.838107] cloud-init[1079]: |      = ++o. .   |
[   17.838499] cloud-init[1079]: |   . = o==..     |
[   17.838885] cloud-init[1079]: |    o.+=+oo      |
[   17.839282] cloud-init[1079]: |     o=BS*   .   |
[   17.839672] cloud-init[1079]: |     o* % o +    |
[   17.840114] cloud-init[1079]: |     + * o o o   |
[   17.840509] cloud-init[1079]: |      o . .   E  |
[   17.840902] cloud-init[1079]: |                 |
[   17.841289] cloud-init[1079]: +----[SHA256]-----+
[   17.841672] cloud-init[1079]: Generating public/private ed25519 key pair.
[   17.842166] cloud-init[1079]: Your identification has been saved in /etc/ssh/ssh_host_ed25519_key.
[   17.842807] cloud-init[1079]: Your public key has been saved in /etc/ssh/ssh_host_ed25519_key.pub.
[   17.843440] cloud-init[1079]: The key fingerprint is:
[   17.843842] cloud-init[1079]: SHA256:E847LJLPbyYXXAdKXFabatalMqoDr9rpYFrZok9QMv4 root@ubuntu-bionic
[   17.844506] cloud-init[1079]: The key's randomart image is:
[[0;32m  OK  [0m[   17.844571] ] cloud-initStarted Initial cloud-init job (metadata service crawler).[1079]: 
+--[ED25519 256]--+
[   17.845646] cloud-init[1079]: |       . .o..    |
[[0;32m  OK  [0m] Reached target Cloud-config availability.
[[   17.846040] [0;32m  OK  [0mcloud-init] [1079]: Reached target Network is Online.|        o..  o   |

[   17.847217] cloud-init[1079]: |o .    ... .o .  |
[   17.847632] cloud-init[1079]: |.+     o...o.o   |
[   17.848067]          cloud-initStarting Availability of block devices...[1079]: 
|..     .S.*.o    |
[[0;32m  OK  [0m] Reached target Remote File Systems (Pre).[   17.848297] 
cloud-init[1079]: | ..o.. .o* o     |
[[0;32m  OK  [0m] Reached target Remote File Systems.
[   17.848702] cloud-init[1079]: [|  BE+o. =.       |[0;32m  OK  [0m
] Reached target System Initialization.
[   17.849214] cloud-init[[1079]: [0;32m  OK  [0m| * + =+o+.       |] 
Listening on Open-iSCSI iscsid Socket.
[   17.849646] cloud-init[1079]: |o.oo=.+B.        |
[   17.851125] cloud-init[1079]: +----[SHA256]-----+
         Starting Socket activation for snappy daemon.
[[0;32m  OK  [0m] Started Discard unused blocks once a week.
         Starting LXD - unix socket.
[[0;32m  OK  [0m] Started Ubuntu Advantage Timer for running repeated jobs.
[[0;32m  OK  [0m] Started Daily apt download activities.
[[0;32m  OK  [0m] Started Daily apt upgrade and clean activities.
[[0;32m  OK  [0m] Started ACPI Events Check.
[[0;32m  OK  [0m] Started Message of the Day.
[[0;32m  OK  [0m] Listening on cloud-init hotplug hook socket.
[[0;32m  OK  [0m] Listening on D-Bus System Message Bus Socket.
[[0;32m  OK  [0m] Listening on UUID daemon activation socket.
[[0;32m  OK  [0m] Reached target Paths.
[[0;32m  OK  [0m] Listening on ACPID Listen Socket.
[[0;32m  OK  [0m] Started Daily Cleanup of Temporary Directories.
[[0;32m  OK  [0m] Reached target Timers.
[[0;32m  OK  [0m] Listening on Socket activation for snappy daemon.
[[0;32m  OK  [0m] Listening on LXD - unix socket.
[[0;32m  OK  [0m] Reached target Sockets.
[[0;32m  OK  [0m] Reached target Basic System.
[[0;32m  OK  [0m] Reached target Login Prompts (Pre).
         Starting System Logging Service...
         Starting LSB: Record successful boot for GRUB...
[[0;32m  OK  [0m] Started irqbalance daemon.
[[0;32m  OK  [0m] Started Deferred execution scheduler.
[[0;32m  OK  [0m] Started Regular background program processing daemon.
         Starting Virtualbox guest utils...
         Starting LXD - container startup/shutdown...
[[0;32m  OK  [0m] Started D-Bus System Message Bus.
         Starting Accounts Service...
         Starting LSB: automatic crash report generation...
[[0;32m  OK  [0m] Started FUSE filesystem for LXC.
         Starting Pollinate to seed the pseudo random number generator...
         Starting Login Service...
         Starting Dispatcher daemon for systemd-networkd...
         Starting Permit User Sessions...
         Starting Snap Daemon...
[[0;32m  OK  [0m] Started System Logging Service.
[[0;32m  OK  [0m] Started Availability of block devices.
[[0;32m  OK  [0m] Started LXD - container startup/shutdown.
[[0;32m  OK  [0m] Started Permit User Sessions.
         Starting Terminate Plymouth Boot Screen...
         Starting Hold until boot process finishes up...
[[0;32m  OK  [0m] Started Hold until boot process finishes up.
[[0;32m  OK  [0m] Started Terminate Plymouth Boot Screen.
[[0;32m  OK  [0m] Started LSB: automatic crash report generation.
[[0;32m  OK  [0m] Started Login Service.
[[0;32m  OK  [0m] Started Unattended Upgrades Shutdown.
         Starting Authorization Manager...
[[0;32m  OK  [0m] Started Serial Getty on ttyS0.
         Starting Set console scheme...
[[0;32m  OK  [0m] Started Set console scheme.
[[0;32m  OK  [0m] Created slice system-getty.slice.
[[0;32m  OK  [0m] Started Getty on tty1.
[[0;32m  OK  [0m] Reached target Login Prompts.
[[0;32m  OK  [0m] Started Authorization Manager.
[[0;32m  OK  [0m] Started Accounts Service.
[[0;32m  OK  [0m] Started LSB: Record successful boot for GRUB.
[[0;32m  OK  [0m] Started Virtualbox guest utils.
[[0;32m  OK  [0m] Started Dispatcher daemon for systemd-networkd.
[[0;32m  OK  [0m] Started Snap Daemon.
         Starting Wait until snapd is fully seeded...
[[0;32m  OK  [0m] Started Pollinate to seed the pseudo random number generator.
         Starting OpenBSD Secure Shell server...
[[0;32m  OK  [0m] Started OpenBSD Secure Shell server.
[[0;32m  OK  [0m] Created slice User Slice of vagrant.
         Starting User Manager for UID 1000...
[[0;32m  OK  [0m] Started Session 1 of user vagrant.
[[0;32m  OK  [0m] Started User Manager for UID 1000.
         Starting Time & Date Service...
[[0;32m  OK  [0m] Started Time & Date Service.
[[0;32m  OK  [0m] Started Wait until snapd is fully seeded.
         Starting Apply the settings specified in cloud-config...
[   20.425732] cloud-init[1769]: Cloud-init v. 23.1.2-0ubuntu0~18.04.1 running 'modules:config' at Tue, 16 Apr 2024 10:42:40 +0000. Up 20.16 seconds.
[[0;32m  OK  [0m] Started Apply the settings specified in cloud-config.
[[0;32m  OK  [0m] Reached target Multi-User System.
[[0;32m  OK  [0m] Reached target Graphical Interface.
         Starting Update UTMP about System Runlevel Changes...
         Starting Execute cloud user/final scripts...
[[0;32m  OK  [0m] Started Update UTMP about System Runlevel Changes.
ci-info: no authorized SSH keys fingerprints found for user ubuntu.
<14>Apr 16 10:42:41 cloud-init: #############################################################
<14>Apr 16 10:42:41 cloud-init: -----BEGIN SSH HOST KEY FINGERPRINTS-----
<14>Apr 16 10:42:41 cloud-init: 1024 SHA256:CLJ4egGB6l2TeNxJAMVd8kSvGbkT3CRQ1bBWEJCDXRg root@ubuntu-bionic (DSA)
<14>Apr 16 10:42:41 cloud-init: 256 SHA256:lJ5oxnU1gOONylc0sAUErFzR7mxp2YMLy2T0QOn/lfM root@ubuntu-bionic (ECDSA)
<14>Apr 16 10:42:41 cloud-init: 256 SHA256:E847LJLPbyYXXAdKXFabatalMqoDr9rpYFrZok9QMv4 root@ubuntu-bionic (ED25519)
<14>Apr 16 10:42:41 cloud-init: 2048 SHA256:UV9LVI3RHidfAUvZ/6+KgCjMSiD2v6uLAU0U+7qlG1g root@ubuntu-bionic (RSA)
<14>Apr 16 10:42:41 cloud-init: -----END SSH HOST KEY FINGERPRINTS-----
<14>Apr 16 10:42:41 cloud-init: #############################################################
-----BEGIN SSH HOST KEY KEYS-----
ecdsa-sha2-nistp256 AAAAE2VjZHNhLXNoYTItbmlzdHAyNTYAAAAIbmlzdHAyNTYAAABBBLRw6yupJaMpNjJKt73BL+8ASknsgHd/rRou9isHmY3Qe14UzTwRP0YvVBUyirK/4ru65h+uhfdoFCX0ajlRFys= root@ubuntu-bionic
ssh-ed25519 AAAAC3NzaC1lZDI1NTE5AAAAIElDUlLt/z8KgXM3TMJxrFevdOEcnmAxZ6QBx7zLrYXk root@ubuntu-bionic
ssh-rsa AAAAB3NzaC1yc2EAAAADAQABAAABAQDepuiVSupdh1rlovkm7/y49FJsP9Nh9YfrE1DEtTbvcBEEvfwVS1gwEfW3gE45W4uJGsrK8QWBiy8JCmqlFSjR9XDIoj0iQ+lfiIAfwdyx35W3oSIRrkL0AH6Dhk8iyGlyBXpFTzrhz+ZDQ52bTObRec76PZs6MTksluxtNCvdHuiU8KCRYuD9QxaJ/JU/fnyL2WCejEuRBRKT+TXncysIaOy2sVPELdPs+y7jRk1kISZg2uU/TP9IYAmZeXQDBqdSv5VaBDZQbWqgcF9bW+mysxe7AzbTfl+Y2Yyqtu8Cm5LlMCpk6QQsrzDv6hFIYBI1BzAa912s83R2yA3ta7at root@ubuntu-bionic
-----END SSH HOST KEY KEYS-----
[   20.836389] cloud-init[1859]: Cloud-init v. 23.1.2-0ubuntu0~18.04.1 running 'modules:final' at Tue, 16 Apr 2024 10:42:41 +0000. Up 20.69 seconds.
[   20.837342] cloud-init[1859]: Cloud-init v. 23.1.2-0ubuntu0~18.04.1 finished at Tue, 16 Apr 2024 10:42:41 +0000. Datasource DataSourceNoCloud [seed=/dev/sdb][dsmode=net].  Up 20.83 seconds
[[0;32m  OK  [0m] Started Execute cloud user/final scripts.
[[0;32m  OK  [0m] Reached target Cloud-init target.

Ubuntu 18.04.6 LTS ubuntu-bionic ttyS0

ubuntu-bionic login: 